[2026-06-13T15:12:38.395Z] GET http://localhost:5173/login → pending (?ms, ?B)
[2026-06-13T15:12:38.714Z] GET http://localhost:5173/@vite/client → 200 (23ms, 204728B)
[2026-06-13T15:12:38.714Z] GET http://localhost:5173/src/main.ts → 200 (22ms, 1334B)
[2026-06-13T15:12:38.738Z] GET http://localhost:5173/node_modules/.vite/deps/vue.js?v=746ec0d5 → 200 (2ms, 25891B)
[2026-06-13T15:12:38.738Z] GET http://localhost:5173/node_modules/.vite/deps/pinia.js?v=6c34cf81 → 200 (8ms, 151961B)
[2026-06-13T15:12:38.738Z] GET http://localhost:5173/node_modules/.vite/deps/@tanstack_vue-query.js?v=244c4b85 → 200 (10ms, 118675B)
[2026-06-13T15:12:38.738Z] GET http://localhost:5173/src/router/index.ts → 200 (9ms, 9833B)
[2026-06-13T15:12:38.738Z] GET http://localhost:5173/src/App.vue → 200 (10ms, 1518B)
[2026-06-13T15:12:38.739Z] GET http://localhost:5173/src/assets/globals.css → 200 (10ms, 42686B)
[2026-06-13T15:12:38.739Z] GET http://localhost:5173/node_modules/vite/dist/client/env.mjs → 200 (11ms, 3895B)
[2026-06-13T15:12:38.741Z] GET http://localhost:5173/node_modules/.vite/deps/vue.runtime.esm-bundler-CykqGZY6.js?v=21fd3564 → 200 (23ms, 324065B)
[2026-06-13T15:12:38.747Z] GET http://localhost:5173/node_modules/.vite/deps/vue-router.js?v=5e8cc130 → 200 (16ms, 101472B)
[2026-06-13T15:12:38.747Z] GET http://localhost:5173/src/stores/auth.ts → 200 (15ms, 4700B)
[2026-06-13T15:12:38.749Z] GET http://localhost:5173/node_modules/.vite/deps/esm-3MjaQshv.js?v=21fd3564 → 200 (13ms, 4033B)
[2026-06-13T15:12:38.749Z] GET http://localhost:5173/@id/__x00__plugin-vue:export-helper → 200 (14ms, 1074B)
[2026-06-13T15:12:38.764Z] GET http://localhost:5173/src/lib/axios.ts → 200 (1ms, 2199B)
[2026-06-13T15:12:38.766Z] GET http://localhost:5173/node_modules/.vite/deps/axios.js?v=3637e0a7 → 200 (4ms, 109923B)
[2026-06-13T15:12:38.770Z] GET http://localhost:5173/node_modules/.vite/deps/chunk-pbuEa-1d.js?v=21fd3564 → 200 (1ms, 2027B)
[2026-06-13T15:12:38.840Z] GET http://localhost:5173/src/views/login/index.vue → 200 (15ms, 15921B)
[2026-06-13T15:12:38.856Z] GET http://localhost:5173/src/components/ui/Button/index.ts → 200 (?ms, 567B)
[2026-06-13T15:12:38.856Z] GET http://localhost:5173/src/components/ui/Input/index.ts → 200 (1ms, 558B)
[2026-06-13T15:12:38.856Z] GET http://localhost:5173/src/components/ui/Card/index.ts → 200 (2ms, 545B)
[2026-06-13T15:12:38.856Z] GET http://localhost:5173/src/components/ui/CardContent/index.ts → 200 (4ms, 620B)
[2026-06-13T15:12:38.856Z] GET http://localhost:5173/src/components/ui/CardHeader/index.ts → 200 (5ms, 607B)
[2026-06-13T15:12:38.856Z] GET http://localhost:5173/src/components/ui/CardTitle/index.ts → 200 (5ms, 598B)
[2026-06-13T15:12:38.856Z] GET http://localhost:5173/src/components/ui/CardDescription/index.ts → 200 (7ms, 664B)
[2026-06-13T15:12:38.856Z] GET http://localhost:5173/node_modules/.vite/deps/lucide-vue-next.js?v=99b419fa → 200 (53ms, 1245726B)
[2026-06-13T15:12:38.857Z] GET http://localhost:5173/src/components/ui/Button/Button.vue → 200 (38ms, 6147B)
[2026-06-13T15:12:38.858Z] GET http://localhost:5173/src/components/ui/Input/Input.vue → 200 (37ms, 4846B)
[2026-06-13T15:12:38.859Z] GET http://localhost:5173/src/components/ui/Card/Card.vue → 200 (37ms, 3048B)
[2026-06-13T15:12:38.860Z] GET http://localhost:5173/src/components/ui/CardContent/CardContent.vue → 200 (37ms, 2951B)
[2026-06-13T15:12:38.861Z] GET http://localhost:5173/src/components/ui/CardHeader/CardHeader.vue → 200 (37ms, 2995B)
[2026-06-13T15:12:38.862Z] GET http://localhost:5173/src/components/ui/CardTitle/CardTitle.vue → 200 (36ms, 3034B)
[2026-06-13T15:12:38.863Z] GET http://localhost:5173/src/components/ui/CardDescription/CardDescription.vue → 200 (36ms, 3003B)
[2026-06-13T15:12:38.895Z] GET http://localhost:5173/src/lib/utils.ts → 200 (5ms, 729B)
[2026-06-13T15:12:38.900Z] GET http://localhost:5173/node_modules/.vite/deps/clsx.js?v=61c3fde8 → 200 (2ms, 598B)
[2026-06-13T15:12:38.900Z] GET http://localhost:5173/node_modules/.vite/deps/tailwind-merge.js?v=8637dfe5 → 200 (5ms, 91386B)
[2026-06-13T15:12:59.254Z] GET http://localhost:5173/login → 200 (4ms, ?B)
[2026-06-13T15:12:59.264Z] GET http://localhost:5173/@vite/client → 304 (2ms, ?B)
[2026-06-13T15:12:59.264Z] GET http://localhost:5173/src/main.ts → 304 (4ms, ?B)
[2026-06-13T15:12:59.268Z] GET http://localhost:5173/node_modules/vite/dist/client/env.mjs → 304 (3ms, ?B)
[2026-06-13T15:12:59.268Z] GET http://localhost:5173/node_modules/.vite/deps/vue.js?v=746ec0d5 → 200 (?ms, -310B)
[2026-06-13T15:12:59.268Z] GET http://localhost:5173/node_modules/.vite/deps/pinia.js?v=6c34cf81 → 200 (?ms, -312B)
[2026-06-13T15:12:59.269Z] GET http://localhost:5173/node_modules/.vite/deps/@tanstack_vue-query.js?v=244c4b85 → 200 (?ms, -312B)
[2026-06-13T15:12:59.269Z] GET http://localhost:5173/src/router/index.ts → 304 (3ms, ?B)
[2026-06-13T15:12:59.269Z] GET http://localhost:5173/src/App.vue → 304 (3ms, ?B)
[2026-06-13T15:12:59.269Z] GET http://localhost:5173/src/assets/globals.css → 304 (6ms, ?B)
[2026-06-13T15:12:59.269Z] GET http://localhost:5173/node_modules/.vite/deps/vue.runtime.esm-bundler-CykqGZY6.js?v=21fd3564 → 200 (?ms, -312B)
[2026-06-13T15:12:59.270Z] GET http://localhost:5173/node_modules/.vite/deps/esm-3MjaQshv.js?v=21fd3564 → 200 (?ms, -308B)
[2026-06-13T15:12:59.275Z] GET http://localhost:5173/node_modules/.vite/deps/vue-router.js?v=5e8cc130 → 200 (?ms, -312B)
[2026-06-13T15:12:59.275Z] GET http://localhost:5173/src/stores/auth.ts → 304 (?ms, ?B)
[2026-06-13T15:12:59.275Z] GET http://localhost:5173/@id/__x00__plugin-vue:export-helper → 304 (?ms, ?B)
[2026-06-13T15:12:59.275Z] GET http://localhost:5173/src/lib/axios.ts → 304 (1ms, ?B)
[2026-06-13T15:12:59.278Z] GET http://localhost:5173/node_modules/.vite/deps/axios.js?v=3637e0a7 → 200 (?ms, -312B)
[2026-06-13T15:12:59.278Z] GET http://localhost:5173/node_modules/.vite/deps/chunk-pbuEa-1d.js?v=21fd3564 → 200 (?ms, -308B)
[2026-06-13T15:12:59.280Z] GET http://localhost:5173/src/views/login/index.vue → 304 (4ms, ?B)
[2026-06-13T15:12:59.285Z] GET http://localhost:5173/src/components/ui/Button/index.ts → 304 (3ms, ?B)
[2026-06-13T15:12:59.285Z] GET http://localhost:5173/src/components/ui/Input/index.ts → 304 (4ms, ?B)
[2026-06-13T15:12:59.285Z] GET http://localhost:5173/src/components/ui/Card/index.ts → 304 (4ms, ?B)
[2026-06-13T15:12:59.285Z] GET http://localhost:5173/src/components/ui/CardContent/index.ts → 304 (4ms, ?B)
[2026-06-13T15:12:59.285Z] GET http://localhost:5173/src/components/ui/CardHeader/index.ts → 304 (4ms, ?B)
[2026-06-13T15:12:59.286Z] GET http://localhost:5173/src/components/ui/CardTitle/index.ts → 304 (3ms, ?B)
[2026-06-13T15:12:59.286Z] GET http://localhost:5173/src/components/ui/CardDescription/index.ts → 304 (3ms, ?B)
[2026-06-13T15:12:59.286Z] GET http://localhost:5173/node_modules/.vite/deps/lucide-vue-next.js?v=99b419fa → 200 (?ms, -314B)
[2026-06-13T15:12:59.289Z] GET http://localhost:5173/src/components/ui/Button/Button.vue → 304 (6ms, ?B)
[2026-06-13T15:12:59.290Z] GET http://localhost:5173/src/components/ui/Input/Input.vue → 304 (6ms, ?B)
[2026-06-13T15:12:59.290Z] GET http://localhost:5173/src/components/ui/Card/Card.vue → 304 (6ms, ?B)
[2026-06-13T15:12:59.290Z] GET http://localhost:5173/src/components/ui/CardContent/CardContent.vue → 304 (6ms, ?B)
[2026-06-13T15:12:59.291Z] GET http://localhost:5173/src/components/ui/CardHeader/CardHeader.vue → 304 (6ms, ?B)
[2026-06-13T15:12:59.291Z] GET http://localhost:5173/src/components/ui/CardTitle/CardTitle.vue → 304 (6ms, ?B)
[2026-06-13T15:12:59.291Z] GET http://localhost:5173/src/components/ui/CardDescription/CardDescription.vue → 304 (6ms, ?B)
[2026-06-13T15:12:59.296Z] GET http://localhost:5173/src/lib/utils.ts → 304 (5ms, ?B)
[2026-06-13T15:12:59.301Z] GET http://localhost:5173/node_modules/.vite/deps/clsx.js?v=61c3fde8 → 200 (?ms, -307B)
[2026-06-13T15:12:59.301Z] GET http://localhost:5173/node_modules/.vite/deps/tailwind-merge.js?v=8637dfe5 → 200 (1ms, -311B)
[2026-06-13T15:13:10.689Z] POST http://localhost:8080/api/v1/auth/login → 200 (81ms, 419B)
[2026-06-13T15:13:10.770Z] GET http://localhost:5173/src/layouts/AdminLayout.vue → pending (?ms, ?B)
[2026-06-13T15:13:10.770Z] GET http://localhost:5173/src/views/admin/dashboard/index.vue → pending (?ms, ?B)
[2026-06-13T15:13:11.077Z] GET http://localhost:5173/src/lib/constants.ts → 200 (2ms, 3707B)
[2026-06-13T15:13:11.077Z] GET http://localhost:5173/src/components/ui/Toast/Toast.vue → 200 (3ms, 10701B)
[2026-06-13T15:13:11.078Z] GET http://localhost:5173/src/components/ui/Skeleton/index.ts → 200 (2ms, 589B)
[2026-06-13T15:13:11.078Z] GET http://localhost:5173/src/components/shared/KPIStatCard.vue → 200 (3ms, 7265B)
[2026-06-13T15:13:11.078Z] GET http://localhost:5173/src/components/charts/BarChart.vue → 200 (5ms, 6989B)
[2026-06-13T15:13:11.078Z] GET http://localhost:5173/src/components/charts/LineChart.vue → 200 (5ms, 7143B)
[2026-06-13T15:13:11.078Z] GET http://localhost:5173/src/services/dashboard.ts → 200 (8ms, 1707B)
[2026-06-13T15:13:11.080Z] GET http://localhost:5173/src/components/ui/Toast/Toast.vue?vue&type=style&index=0&scoped=f5734eda&lang.css → 200 (6ms, 922B)
[2026-06-13T15:13:11.081Z] GET http://localhost:5173/src/components/ui/Skeleton/Skeleton.vue → 200 (5ms, 2881B)
[2026-06-13T15:13:11.084Z] GET http://localhost:5173/node_modules/.vite/deps/vue-echarts.js?v=f2bc4032 → 200 (4ms, 17072B)
[2026-06-13T15:13:11.084Z] GET http://localhost:5173/node_modules/.vite/deps/echarts_core.js?v=54dd9336 → 200 (3ms, 10729B)
[2026-06-13T15:13:11.084Z] GET http://localhost:5173/node_modules/.vite/deps/echarts_charts.js?v=ed97d3b4 → 200 (15ms, 605814B)
[2026-06-13T15:13:11.084Z] GET http://localhost:5173/node_modules/.vite/deps/echarts_components.js?v=315b6d00 → 200 (20ms, 584836B)
[2026-06-13T15:13:11.084Z] GET http://localhost:5173/node_modules/.vite/deps/echarts_renderers.js?v=5474983d → 200 (13ms, 75301B)
[2026-06-13T15:13:11.087Z] GET http://localhost:5173/node_modules/.vite/deps/parseGeoJson-DTncXmTc.js?v=21fd3564 → 200 (25ms, 675434B)
[2026-06-13T15:13:11.087Z] GET http://localhost:5173/node_modules/.vite/deps/graphic-dVmwvyTE.js?v=21fd3564 → 200 (22ms, 311389B)
[2026-06-13T15:13:11.087Z] GET http://localhost:5173/node_modules/.vite/deps/core-DZ6uJkah.js?v=21fd3564 → 200 (17ms, 7789B)
[2026-06-13T15:13:11.099Z] GET http://localhost:5173/node_modules/.vite/deps/createSeriesData-iVOY2Mtn.js?v=21fd3564 → 200 (6ms, 9220B)
[2026-06-13T15:13:11.099Z] GET http://localhost:5173/node_modules/.vite/deps/customGraphicKeyframeAnimation-B3Bgr5fd.js?v=21fd3564 → 200 (14ms, 359429B)
[2026-06-13T15:13:11.143Z] GET http://localhost:8080/api/v1/admin/dashboard/stats → 200 (71ms, 129B)
[2026-06-13T15:13:11.143Z] GET http://localhost:8080/api/v1/admin/dashboard/top-courses → 200 (16ms, 115B)
[2026-06-13T15:13:11.143Z] GET http://localhost:8080/api/v1/admin/dashboard/trend → 200 (16ms, 85B)
[2026-06-13T15:14:58.174Z] GET http://localhost:5173/admin/review → 200 (310ms, 437B)
[2026-06-13T15:14:58.492Z] GET http://localhost:5173/@vite/client → 200 (5ms, ?B)
[2026-06-13T15:14:58.492Z] GET http://localhost:5173/src/main.ts → 200 (2ms, ?B)
[2026-06-13T15:14:58.496Z] GET http://localhost:5173/node_modules/.vite/deps/vue.js?v=746ec0d5 → 200 (?ms, -310B)
[2026-06-13T15:14:58.496Z] GET http://localhost:5173/node_modules/.vite/deps/pinia.js?v=6c34cf81 → 200 (?ms, -312B)
[2026-06-13T15:14:58.496Z] GET http://localhost:5173/node_modules/.vite/deps/@tanstack_vue-query.js?v=244c4b85 → 200 (?ms, -312B)
[2026-06-13T15:14:58.496Z] GET http://localhost:5173/src/router/index.ts → 200 (4ms, ?B)
[2026-06-13T15:14:58.496Z] GET http://localhost:5173/src/App.vue → 200 (5ms, ?B)
[2026-06-13T15:14:58.496Z] GET http://localhost:5173/src/assets/globals.css → 200 (8ms, ?B)
[2026-06-13T15:14:58.496Z] GET http://localhost:5173/node_modules/.vite/deps/vue.runtime.esm-bundler-CykqGZY6.js?v=21fd3564 → 200 (?ms, -312B)
[2026-06-13T15:14:58.496Z] GET http://localhost:5173/node_modules/.vite/deps/esm-3MjaQshv.js?v=21fd3564 → 200 (?ms, -308B)
[2026-06-13T15:14:58.497Z] GET http://localhost:5173/node_modules/vite/dist/client/env.mjs → 200 (7ms, ?B)
[2026-06-13T15:14:58.501Z] GET http://localhost:5173/node_modules/.vite/deps/vue-router.js?v=5e8cc130 → 200 (?ms, -312B)
[2026-06-13T15:14:58.501Z] GET http://localhost:5173/src/stores/auth.ts → 200 (5ms, ?B)
[2026-06-13T15:14:58.502Z] GET http://localhost:5173/@id/__x00__plugin-vue:export-helper → 200 (4ms, ?B)
[2026-06-13T15:14:58.506Z] GET http://localhost:5173/src/lib/axios.ts → 200 (2ms, ?B)
[2026-06-13T15:14:58.508Z] GET http://localhost:5173/node_modules/.vite/deps/axios.js?v=3637e0a7 → 200 (1ms, -312B)
[2026-06-13T15:14:58.509Z] GET http://localhost:5173/node_modules/.vite/deps/chunk-pbuEa-1d.js?v=21fd3564 → 200 (?ms, -308B)
[2026-06-13T15:14:58.511Z] GET http://localhost:5173/src/layouts/AdminLayout.vue → 200 (2ms, ?B)
[2026-06-13T15:14:58.511Z] GET http://localhost:5173/src/views/admin/review/index.vue → 200 (5ms, 25254B)
[2026-06-13T15:14:58.513Z] GET http://localhost:5173/src/lib/constants.ts → 200 (4ms, ?B)
[2026-06-13T15:14:58.514Z] GET http://localhost:5173/node_modules/.vite/deps/lucide-vue-next.js?v=99b419fa → 200 (1ms, -314B)
[2026-06-13T15:14:58.515Z] GET http://localhost:5173/src/components/ui/Toast/Toast.vue → 200 (3ms, ?B)
[2026-06-13T15:14:58.516Z] GET http://localhost:5173/src/components/ui/Card/index.ts → 200 (2ms, ?B)
[2026-06-13T15:14:58.516Z] GET http://localhost:5173/src/components/ui/CardContent/index.ts → 200 (11ms, ?B)
[2026-06-13T15:14:58.516Z] GET http://localhost:5173/src/components/ui/Table/index.ts → 200 (4ms, 2233B)
[2026-06-13T15:14:58.516Z] GET http://localhost:5173/src/components/ui/Button/index.ts → 200 (11ms, ?B)
[2026-06-13T15:14:58.516Z] GET http://localhost:5173/src/components/ui/Badge/index.ts → 200 (5ms, 558B)
[2026-06-13T15:14:58.516Z] GET http://localhost:5173/src/components/ui/Dialog/index.ts → 200 (7ms, 567B)
[2026-06-13T15:14:58.516Z] GET http://localhost:5173/src/components/ui/Skeleton/index.ts → 200 (15ms, ?B)
[2026-06-13T15:14:58.516Z] GET http://localhost:5173/src/components/shared/EmptyState.vue → 200 (12ms, 5079B)
[2026-06-13T15:14:58.517Z] GET http://localhost:5173/src/services/review.ts → 200 (14ms, 1697B)
[2026-06-13T15:14:58.518Z] GET http://localhost:5173/src/lib/utils.ts → 200 (15ms, ?B)
[2026-06-13T15:14:58.518Z] GET http://localhost:5173/src/components/ui/Toast/Toast.vue?vue&type=style&index=0&scoped=f5734eda&lang.css → 200 (16ms, ?B)
[2026-06-13T15:14:58.518Z] GET http://localhost:5173/src/components/ui/Card/Card.vue → 200 (23ms, ?B)
[2026-06-13T15:14:58.520Z] GET http://localhost:5173/src/components/ui/Table/Table.vue → 200 (22ms, 2917B)
[2026-06-13T15:14:58.520Z] GET http://localhost:5173/src/components/ui/TableBody/TableBody.vue → 200 (22ms, 2947B)
[2026-06-13T15:14:58.520Z] GET http://localhost:5173/src/components/ui/TableCell/TableCell.vue → 200 (22ms, 3023B)
[2026-06-13T15:14:58.520Z] GET http://localhost:5173/src/components/ui/TableHead/TableHead.vue → 200 (23ms, 3087B)
[2026-06-13T15:14:58.520Z] GET http://localhost:5173/src/components/ui/TableHeader/TableHeader.vue → 200 (23ms, 3119B)
[2026-06-13T15:14:58.520Z] GET http://localhost:5173/src/components/ui/TableRow/TableRow.vue → 200 (23ms, 3152B)
[2026-06-13T15:14:58.522Z] GET http://localhost:5173/src/components/ui/Badge/Badge.vue → 200 (22ms, 4311B)
[2026-06-13T15:14:58.524Z] GET http://localhost:5173/src/components/ui/Dialog/Dialog.vue → 200 (20ms, 8053B)
[2026-06-13T15:14:58.528Z] GET http://localhost:5173/src/components/ui/CardContent/CardContent.vue → 200 (19ms, ?B)
[2026-06-13T15:14:58.528Z] GET http://localhost:5173/src/components/ui/Button/Button.vue → 200 (20ms, ?B)
[2026-06-13T15:14:58.533Z] GET http://localhost:5173/src/components/ui/Skeleton/Skeleton.vue → 200 (15ms, ?B)
[2026-06-13T15:14:58.533Z] GET http://localhost:5173/node_modules/.vite/deps/clsx.js?v=61c3fde8 → 200 (?ms, -307B)
[2026-06-13T15:14:58.534Z] GET http://localhost:5173/node_modules/.vite/deps/tailwind-merge.js?v=8637dfe5 → 200 (?ms, -311B)
[2026-06-13T15:14:58.548Z] GET http://localhost:5173/src/components/ui/Dialog/Dialog.vue?vue&type=style&index=0&scoped=4c15cad0&lang.css → 200 (?ms, 817B)
[2026-06-13T15:14:58.554Z] GET http://localhost:8080/api/v1/admin/review?page=1&pageSize=20 → 200 (39ms, 3489B)
